0 verbose cli C:\Program Files\nodejs\node.exe C:\Program Files\nodejs\node_modules\npm\bin\npm-cli.js
1 info using npm@8.11.0
2 info using node@v16.16.0
3 timing npm:load:whichnode Completed in 2ms
4 timing config:load:defaults Completed in 32ms
5 timing config:load:file:C:\Program Files\nodejs\node_modules\npm\npmrc Completed in 23ms
6 timing config:load:builtin Completed in 24ms
7 timing config:load:cli Completed in 9ms
8 timing config:load:env Completed in 3ms
9 timing config:load:file:E:\venkat\Learning\DBQueryAIEngine\src\dbqueryaiengine.client\.npmrc Completed in 1ms
10 timing config:load:project Completed in 6ms
11 timing config:load:file:C:\Users\venkataramana\.npmrc Completed in 0ms
12 timing config:load:user Completed in 1ms
13 timing config:load:file:C:\Users\venkataramana\AppData\Roaming\npm\etc\npmrc Completed in 0ms
14 timing config:load:global Completed in 1ms
15 timing config:load:validate Completed in 1ms
16 timing config:load:credentials Completed in 4ms
17 timing config:load:setEnvs Completed in 3ms
18 timing config:load Completed in 86ms
19 timing npm:load:configload Completed in 87ms
20 timing npm:load:mkdirpcache Completed in 5ms
21 timing npm:load:mkdirplogs Completed in 38ms
22 verbose title npm install
23 verbose argv "install" "--cache" ".npm-cache"
24 timing npm:load:setTitle Completed in 5ms
25 timing config:load:flatten Completed in 14ms
26 timing npm:load:display Completed in 16ms
27 verbose logfile logs-max:10 dir:E:\venkat\Learning\DBQueryAIEngine\src\dbqueryaiengine.client\.npm-cache\_logs
28 verbose logfile E:\venkat\Learning\DBQueryAIEngine\src\dbqueryaiengine.client\.npm-cache\_logs\2026-05-20T18_53_56_730Z-debug-0.log
29 timing npm:load:logFile Completed in 19ms
30 timing npm:load:timers Completed in 1ms
31 timing npm:load:configScope Completed in 0ms
32 timing npm:load Completed in 176ms
33 timing arborist:ctor Completed in 5ms
34 silly logfile done cleaning log files
35 timing arborist:ctor Completed in 0ms
36 timing idealTree:init Completed in 107ms
37 timing idealTree:userRequests Completed in 0ms
38 silly idealTree buildDeps
39 silly fetch manifest @vitejs/plugin-react@4.2.1
40 silly fetch manifest vite@4.5.3
