0 verbose cli C:\Program Files\nodejs\node.exe C:\Program Files\nodejs\node_modules\npm\bin\npm-cli.js
1 info using npm@8.11.0
2 info using node@v16.16.0
3 timing npm:load:whichnode Completed in 2ms
4 timing config:load:defaults Completed in 6ms
5 timing config:load:file:C:\Program Files\nodejs\node_modules\npm\npmrc Completed in 13ms
6 timing config:load:builtin Completed in 15ms
7 timing config:load:cli Completed in 6ms
8 timing config:load:env Completed in 2ms
9 timing config:load:file:E:\venkat\Learning\DBQueryAIEngine\src\dbqueryaiengine.client\.npmrc Completed in 0ms
10 timing config:load:project Completed in 5ms
11 timing config:load:file:C:\Users\venkataramana\.npmrc Completed in 1ms
12 timing config:load:user Completed in 1ms
13 timing config:load:file:C:\Users\venkataramana\AppData\Roaming\npm\etc\npmrc Completed in 1ms
14 timing config:load:global Completed in 1ms
15 timing config:load:validate Completed in 0ms
16 timing config:load:credentials Completed in 2ms
17 timing config:load:setEnvs Completed in 2ms
18 timing config:load Completed in 43ms
19 timing npm:load:configload Completed in 43ms
20 timing npm:load:mkdirpcache Completed in 2ms
21 timing npm:load:mkdirplogs Completed in 1ms
22 verbose title npm run build
23 verbose argv "run" "build" "--cache" ".npm-cache"
24 timing npm:load:setTitle Completed in 5ms
25 timing config:load:flatten Completed in 6ms
26 timing npm:load:display Completed in 10ms
27 verbose logfile logs-max:10 dir:E:\venkat\Learning\DBQueryAIEngine\src\dbqueryaiengine.client\.npm-cache\_logs
28 verbose logfile E:\venkat\Learning\DBQueryAIEngine\src\dbqueryaiengine.client\.npm-cache\_logs\2026-05-20T19_11_42_767Z-debug-0.log
29 timing npm:load:logFile Completed in 20ms
30 timing npm:load:timers Completed in 0ms
31 timing npm:load:configScope Completed in 0ms
32 timing npm:load Completed in 86ms
33 silly logfile done cleaning log files
34 timing command:run Completed in 51602ms
35 verbose exit 0
36 timing npm Completed in 51865ms
37 info ok
